Run docker build -f Dockerfile -t ***.azurecr.io/hello-abb:1.0.1 .
  docker build -f Dockerfile -t ***.azurecr.io/hello-abb:1.0.1 .
  if [ "1.0.1" != "latest" ]; then
    git tag 1.0.1
    git push origin 1.0.1
  fi
  docker push ***.azurecr.io/hello-abb:1.0.1
  shell: /usr/bin/bash -e {0}
  env:
    DOCKER_CONFIG: /home/runner/work/_temp/docker_login_1768853889849
#0 building with "default" instance using docker driver

#1 [internal] load build definition from Dockerfile
#1 transferring dockerfile: 286B 0.0s done
#1 DONE 0.0s

#2 [internal] load metadata for docker.io/library/node:18-slim
#2 DONE 0.6s

#3 [internal] load .dockerignore
#3 transferring context: 2B done
#3 DONE 0.0s

#4 [internal] load build context
#4 transferring context: 44.91kB done
#4 DONE 0.0s

#5 [1/5] FROM docker.io/library/node:18-slim@sha256:f9ab18e354e6855ae56ef2b290dd225c1e51a564f87584b9bd21dd651838830e
#5 resolve docker.io/library/node:18-slim@sha256:f9ab18e354e6855ae56ef2b290dd225c1e51a564f87584b9bd21dd651838830e done
#5 sha256:61320b01ae5e0798393ef25f2dc72faf43703e60ba089b07d7170acbabbf8f62 0B / 28.23MB 0.1s
#5 sha256:b98d3ae1ab80d768fc7be41c07c4757d205cc33d2d26261b8273defb45455315 0B / 3.31kB 0.1s
#5 sha256:b1831021e35a69864dfc4c89eab9ab1232cf3508c787b082c55ee386c5c8527d 0B / 38.25MB 0.1s
#5 sha256:f9ab18e354e6855ae56ef2b290dd225c1e51a564f87584b9bd21dd651838830e 6.49kB / 6.49kB done
#5 sha256:fc3faf127a182135fd956e68d570b1932a758f8008866d8dd6e131cf89de9605 1.93kB / 1.93kB done
#5 sha256:101e0128c8ea90af6e5eba2abbae8486503c6383c35cb30e2c60842a5a288479 6.54kB / 6.54kB done
#5 sha256:61320b01ae5e0798393ef25f2dc72faf43703e60ba089b07d7170acbabbf8f62 8.39MB / 28.23MB 0.3s
#5 sha256:b98d3ae1ab80d768fc7be41c07c4757d205cc33d2d26261b8273defb45455315 3.31kB / 3.31kB 0.2s done
#5 sha256:b1831021e35a69864dfc4c89eab9ab1232cf3508c787b082c55ee386c5c8527d 3.15MB / 38.25MB 0.3s
#5 sha256:c768ab8cba73bb84835e67ed974c93e3e0e3ce1f67a73802422d66021fc9a07a 0B / 1.71MB 0.3s
#5 sha256:61320b01ae5e0798393ef25f2dc72faf43703e60ba089b07d7170acbabbf8f62 13.63MB / 28.23MB 0.4s
#5 sha256:b1831021e35a69864dfc4c89eab9ab1232cf3508c787b082c55ee386c5c8527d 8.39MB / 38.25MB 0.4s
#5 sha256:c768ab8cba73bb84835e67ed974c93e3e0e3ce1f67a73802422d66021fc9a07a 1.71MB / 1.71MB 0.4s done
#5 sha256:8c994cf49dd19aec88c96926e1a13b36a8f3e159942a5a2d0a9e2dc3e9e6c3dc 0B / 448B 0.4s
#5 sha256:61320b01ae5e0798393ef25f2dc72faf43703e60ba089b07d7170acbabbf8f62 17.83MB / 28.23MB 0.5s
#5 sha256:b1831021e35a69864dfc4c89eab9ab1232cf3508c787b082c55ee386c5c8527d 11.53MB / 38.25MB 0.5s
#5 sha256:8c994cf49dd19aec88c96926e1a13b36a8f3e159942a5a2d0a9e2dc3e9e6c3dc 448B / 448B 0.5s done
#5 sha256:61320b01ae5e0798393ef25f2dc72faf43703e60ba089b07d7170acbabbf8f62 26.21MB / 28.23MB 0.7s
#5 sha256:b1831021e35a69864dfc4c89eab9ab1232cf3508c787b082c55ee386c5c8527d 19.92MB / 38.25MB 0.7s
#5 sha256:61320b01ae5e0798393ef25f2dc72faf43703e60ba089b07d7170acbabbf8f62 28.23MB / 28.23MB 0.7s done
#5 sha256:b1831021e35a69864dfc4c89eab9ab1232cf3508c787b082c55ee386c5c8527d 23.07MB / 38.25MB 0.8s
#5 extracting sha256:61320b01ae5e0798393ef25f2dc72faf43703e60ba089b07d7170acbabbf8f62 0.1s
#5 sha256:b1831021e35a69864dfc4c89eab9ab1232cf3508c787b082c55ee386c5c8527d 26.21MB / 38.25MB 0.9s
#5 sha256:b1831021e35a69864dfc4c89eab9ab1232cf3508c787b082c55ee386c5c8527d 28.31MB / 38.25MB 1.0s
#5 sha256:b1831021e35a69864dfc4c89eab9ab1232cf3508c787b082c55ee386c5c8527d 31.46MB / 38.25MB 1.1s
#5 sha256:b1831021e35a69864dfc4c89eab9ab1232cf3508c787b082c55ee386c5c8527d 34.60MB / 38.25MB 1.3s
#5 sha256:b1831021e35a69864dfc4c89eab9ab1232cf3508c787b082c55ee386c5c8527d 38.25MB / 38.25MB 1.4s done
#5 extracting sha256:61320b01ae5e0798393ef25f2dc72faf43703e60ba089b07d7170acbabbf8f62 1.0s done
#5 extracting sha256:b98d3ae1ab80d768fc7be41c07c4757d205cc33d2d26261b8273defb45455315 done
#5 extracting sha256:b1831021e35a69864dfc4c89eab9ab1232cf3508c787b082c55ee386c5c8527d
#5 extracting sha256:b1831021e35a69864dfc4c89eab9ab1232cf3508c787b082c55ee386c5c8527d 1.1s done
#5 extracting sha256:c768ab8cba73bb84835e67ed974c93e3e0e3ce1f67a73802422d66021fc9a07a
#5 extracting sha256:c768ab8cba73bb84835e67ed974c93e3e0e3ce1f67a73802422d66021fc9a07a 0.0s done
#5 extracting sha256:8c994cf49dd19aec88c96926e1a13b36a8f3e159942a5a2d0a9e2dc3e9e6c3dc done
#5 DONE 3.2s

#6 [2/5] WORKDIR /usr/src/app
#6 DONE 0.0s

#7 [3/5] COPY package*.json ./
#7 DONE 0.0s

#8 [4/5] RUN npm install
#8 10.80 npm warn deprecated inflight@1.0.6: This module is not supported, and leaks memory. Do not use it. Check out lru-cache if you want a good and tested way to coalesce async requests by a key value, which is much more comprehensive and powerful.
#8 11.21 npm warn deprecated glob@7.2.3: Glob versions prior to v9 are no longer supported
#8 11.36 npm warn deprecated supertest@6.3.4: Please upgrade to supertest v7.1.3+, see release notes at https://github.com/forwardemail/supertest/releases/tag/v7.1.3 - maintenance is supported by Forward Email @ https://forwardemail.net
#8 11.39 npm warn deprecated superagent@8.1.2: Please upgrade to superagent v10.2.2+, see release notes at https://github.com/forwardemail/superagent/releases/tag/v10.2.2 - maintenance is supported by Forward Email @ https://forwardemail.net
#8 11.98 
#8 11.98 added 355 packages, and audited 356 packages in 12s
#8 11.98 
#8 11.98 50 packages are looking for funding
#8 11.98   run `npm fund` for details
#8 11.99 
#8 11.99 found 0 vulnerabilities
#8 11.99 npm notice
#8 11.99 npm notice New major version of npm available! 10.8.2 -> 11.7.0
#8 11.99 npm notice Changelog: https://github.com/npm/cli/releases/tag/v11.7.0
#8 11.99 npm notice To update run: npm install -g npm@11.7.0
#8 11.99 npm notice
#8 DONE 12.1s

#9 [5/5] COPY . .
#9 DONE 0.0s

#10 exporting to image
#10 exporting layers
#10 exporting layers 1.5s done
#10 writing image sha256:3a5ae7d77770aece38d038db673db7b3d43359d3adae0d85de2be57e9a2253ba done
#10 naming to ***.azurecr.io/hello-abb:1.0.1 done
#10 DONE 1.5s
To https://github.com/saurabhclg/hello-abb
 * [new tag]         1.0.1 -> 1.0.1
The push refers to repository [***.azurecr.io/hello-abb]
9d48f9bdaa14: Preparing
5733ea25f4d9: Preparing
3d0a9e5c5b9e: Preparing
ffd7a12fe7f3: Preparing
e1e93a4fa4fd: Preparing
9b95ddc8a140: Preparing
cd1cd7c2e57b: Preparing
206f13f5e317: Preparing
ace34d1d784c: Preparing
9b95ddc8a140: Waiting
cd1cd7c2e57b: Waiting
206f13f5e317: Waiting
ace34d1d784c: Waiting
e1e93a4fa4fd: Layer already exists
9b95ddc8a140: Layer already exists
cd1cd7c2e57b: Layer already exists
3d0a9e5c5b9e: Pushed
ffd7a12fe7f3: Pushed
206f13f5e317: Layer already exists
9d48f9bdaa14: Pushed
5733ea25f4d9: Pushed
ace34d1d784c: Pushed
1.0.1: digest: sha256:bf16fd8cc8124a528199c947ced96d39b2c6184ded7d56e44d5d762c5fb6521f size: 2202
